[2020-10-02 03:26:07,457 - root - INFO] 데이터 수집을 시작합니다. (code: 005830)
[2020-10-02 03:26:16,103 - root - INFO] 데이터 수집을 시작합니다. (code: 005930)
[2020-10-02 03:26:24,688 - root - INFO] 데이터 수집을 시작합니다. (code: 105560)
[2020-10-02 03:26:33,076 - numexpr.utils - INFO] NumExpr defaulting to 4 threads.
[2020-10-02 03:26:33,083 - root - INFO] 데이터 수집을 종료합니다. (수집시간: 25초, 데이터수: 738개)
[2020-10-02 03:26:54,574 - root - INFO] 회사코드: {self.company_codes}, 기준일자: {self.start_date} ~ {self.end_date}
[2020-10-02 03:26:54,574 - root - INFO] 데이터 수집을 시작합니다. (code: 005830)
[2020-10-02 03:27:05,109 - root - INFO] 회사코드: ['005830', '005930', '105560'], 기준일자: 2019-01-01 00:00:00 ~ 2019-12-31 00:00:00
[2020-10-02 03:27:05,109 - root - INFO] 데이터 수집을 시작합니다. (code: 005830)
[2020-10-02 03:27:13,787 - root - INFO] 데이터 수집을 시작합니다. (code: 005930)
[2020-10-02 03:27:22,446 - root - INFO] 데이터 수집을 시작합니다. (code: 105560)
[2020-10-02 03:27:31,043 - numexpr.utils - INFO] NumExpr defaulting to 4 threads.
[2020-10-02 03:27:31,059 - root - INFO] 데이터 수집을 종료합니다. (수집시간: 25초, 데이터수: 738개)
[2020-10-02 03:27:44,268 - root - INFO] 회사코드: ['005830', '005930', '105560'], 기준일자: 2019-01-01 ~ 2019-12-31
[2020-10-02 03:27:44,268 - root - INFO] 데이터 수집을 시작합니다. (code: 005830)
[2020-10-02 03:27:53,107 - root - INFO] 데이터 수집을 시작합니다. (code: 005930)
[2020-10-02 03:28:01,427 - root - INFO] 데이터 수집을 시작합니다. (code: 105560)
[2020-10-02 03:28:09,925 - numexpr.utils - INFO] NumExpr defaulting to 4 threads.
[2020-10-02 03:28:09,932 - root - INFO] 데이터 수집을 종료합니다. (수집시간: 25초, 데이터수: 738개)
[2020-10-02 03:28:48,446 - root - INFO] 회사코드: ['005830', '005930', '105560']
[2020-10-02 03:28:48,447 - root - INFO] 수집일자: 2019-01-01 ~ 2019-12-31
[2020-10-02 03:28:48,447 - root - INFO] 데이터 수집을 시작합니다. (code: 005830)
[2020-10-02 03:28:57,047 - root - INFO] 데이터 수집을 시작합니다. (code: 005930)
[2020-10-02 03:29:09,169 - root - INFO] 회사코드: ['005830', '005930', '105560']
[2020-10-02 03:29:09,169 - root - INFO] 수집일자: 2019.01.01 ~ 2019.12.31
[2020-10-02 03:29:09,170 - root - INFO] 데이터 수집을 시작합니다. (code: 005830)
[2020-10-02 03:29:17,942 - root - INFO] 데이터 수집을 시작합니다. (code: 005930)
[2020-10-02 03:29:26,571 - root - INFO] 데이터 수집을 시작합니다. (code: 105560)
[2020-10-02 03:29:35,243 - numexpr.utils - INFO] NumExpr defaulting to 4 threads.
[2020-10-02 03:29:35,252 - root - INFO] 데이터 수집을 종료합니다. (수집시간: 26초, 데이터수: 738개)
[2020-10-02 03:30:20,040 - root - INFO] 회사코드: ['005830', '005930', '105560']
[2020-10-02 03:30:20,044 - root - INFO] 수집일자: 2019.01.01 ~ 2019.12.31
[2020-10-02 03:30:20,045 - root - INFO] 수집을 시작합니다. (code: 005830)
[2020-10-02 03:30:28,892 - root - INFO] 수집을 시작합니다. (code: 005930)
[2020-10-02 03:30:37,196 - root - INFO] 수집을 시작합니다. (code: 105560)
[2020-10-02 03:30:46,013 - numexpr.utils - INFO] NumExpr defaulting to 4 threads.
[2020-10-02 03:30:46,024 - root - INFO] 수집을 종료합니다. (수집시간: 25초, 데이터수: 738개)
[2020-10-02 03:30:52,458 - root - INFO] 회사코드: ['005830', '005930', '105560']
[2020-10-02 03:30:52,458 - root - INFO] 수집일자: 2019.01.01 ~ 2019.12.31
[2020-10-02 03:30:52,458 - root - INFO] 수집을 시작합니다. (code: 005830)
[2020-10-02 03:31:01,343 - root - INFO] 수집을 종료합니다. (code: 005830)
[2020-10-02 03:31:01,343 - root - INFO] 수집을 시작합니다. (code: 005930)
[2020-10-02 03:31:09,606 - root - INFO] 수집을 종료합니다. (code: 005930)
[2020-10-02 03:31:09,607 - root - INFO] 수집을 시작합니다. (code: 105560)
[2020-10-02 03:31:18,119 - root - INFO] 수집을 종료합니다. (code: 105560)
[2020-10-02 03:31:18,228 - numexpr.utils - INFO] NumExpr defaulting to 4 threads.
[2020-10-02 03:31:18,236 - root - INFO] 모든 수집을 종료합니다. (수집시간: 25초, 데이터수: 738개)
[2020-10-02 03:31:22,936 - root - INFO] 수집범위 (회사코드: ['005830', '005930', '105560'], 수집일자: 2019.01.01 ~ 2019.12.31)
[2020-10-02 03:31:22,936 - root - INFO] 수집을 시작합니다. (code: 005830)
[2020-10-02 03:31:31,803 - root - INFO] 수집을 종료합니다. (code: 005830)
[2020-10-02 03:31:31,804 - root - INFO] 수집을 시작합니다. (code: 005930)
[2020-10-02 03:31:40,172 - root - INFO] 수집을 종료합니다. (code: 005930)
[2020-10-02 03:31:40,172 - root - INFO] 수집을 시작합니다. (code: 105560)
[2020-10-02 03:31:48,572 - root - INFO] 수집을 종료합니다. (code: 105560)
[2020-10-02 03:31:48,650 - numexpr.utils - INFO] NumExpr defaulting to 4 threads.
[2020-10-02 03:31:48,658 - root - INFO] 모든 수집을 종료합니다. (수집시간: 25초, 데이터수: 738개)
